<?xml version="1.0" encoding="UTF-8"?>
<!-- Generated by org.testng.reporters.JUnitReportReporter -->
<testsuite hostname="VIDYASAGARV3FC1" name="com.service.TestRestServices" tests="3" failures="0" timestamp="17 Nov 2018 14:31:09 GMT" time="3.850" errors="0">
  <testcase name="test_Validate_Post_NonEmpty_Body" time="0.560" classname="com.service.TestRestServices"/>
  <testcase name="test_Validate_Get_PostUserIds" time="0.170" classname="com.service.TestRestServices"/>
  <testcase name="test_GetRandomUser_Email" time="3.120" classname="com.service.TestRestServices"/>
</testsuite> <!-- com.service.TestRestServices -->
